Flow report for pipeline_project
Mon Nov 30 12:53:15 2015
Quartus II 32-bit Version 11.1 Build 173 11/01/2011 SJ Web Edition


---------------------
; Table of Contents ;
---------------------
  1. Legal Notice
  2. Flow Summary
  3. Flow Settings
  4. Flow Non-Default Global Settings
  5. Flow Elapsed Time
  6. Flow OS Summary
  7. Flow Log



----------------
; Legal Notice ;
----------------
Copyright (C) 1991-2011 Altera Corporation
Your use of Altera Corporation's design tools, logic functions 
and other software and tools, and its AMPP partner logic 
functions, and any output files from any of the foregoing 
(including device programming or simulation files), and any 
associated documentation or information are expressly subject 
to the terms and conditions of the Altera Program License 
Subscription Agreement, Altera MegaCore Function License 
Agreement, or other applicable license agreement, including, 
without limitation, that your use is for the sole purpose of 
programming logic devices manufactured by Altera and sold by 
Altera or its authorized distributors.  Please refer to the 
applicable agreement for further details.



+-------------------------------------------------------------------------------+
; Flow Summary                                                                  ;
+------------------------------------+------------------------------------------+
; Flow Status                        ; Successful - Mon Nov 30 12:53:15 2015    ;
; Quartus II 32-bit Version          ; 11.1 Build 173 11/01/2011 SJ Web Edition ;
; Revision Name                      ; pipeline_project                         ;
; Top-level Entity Name              ; controller                               ;
; Family                             ; Cyclone IV E                             ;
; Device                             ; EP4CE6F17C6                              ;
; Timing Models                      ; Final                                    ;
; Total logic elements               ; 0 / 6,272 ( 0 % )                        ;
;     Total combinational functions  ; 0 / 6,272 ( 0 % )                        ;
;     Dedicated logic registers      ; 0 / 6,272 ( 0 % )                        ;
; Total registers                    ; 0                                        ;
; Total pins                         ; 1 / 180 ( < 1 % )                        ;
; Total virtual pins                 ; 0                                        ;
; Total memory bits                  ; 0 / 276,480 ( 0 % )                      ;
; Embedded Multiplier 9-bit elements ; 0 / 30 ( 0 % )                           ;
; Total PLLs                         ; 0 / 2 ( 0 % )                            ;
+------------------------------------+------------------------------------------+


+-----------------------------------------+
; Flow Settings                           ;
+-------------------+---------------------+
; Option            ; Setting             ;
+-------------------+---------------------+
; Start date & time ; 11/30/2015 12:52:36 ;
; Main task         ; Compilation         ;
; Revision Name     ; pipeline_project    ;
+-------------------+---------------------+


+------------------------------------------------------------------------------------------------------------------------+
; Flow Non-Default Global Settings                                                                                       ;
+-------------------------------------+--------------------------------+------------------+-------------+----------------+
; Assignment Name                     ; Value                          ; Default Value    ; Entity Name ; Section Id     ;
+-------------------------------------+--------------------------------+------------------+-------------+----------------+
; COMPILER_SIGNATURE_ID               ; 13764775414927.144886815609780 ; --               ; --          ; --             ;
; EDA_OUTPUT_DATA_FORMAT              ; Verilog Hdl                    ; --               ; --          ; eda_simulation ;
; EDA_SIMULATION_TOOL                 ; ModelSim-Altera (Verilog)      ; <None>           ; --          ; --             ;
; MAX_CORE_JUNCTION_TEMP              ; 85                             ; --               ; --          ; --             ;
; MIN_CORE_JUNCTION_TEMP              ; 0                              ; --               ; --          ; --             ;
; NOMINAL_CORE_SUPPLY_VOLTAGE         ; 1.2V                           ; --               ; --          ; --             ;
; PARTITION_COLOR                     ; 16764057                       ; --               ; controller  ; Top            ;
; PARTITION_FITTER_PRESERVATION_LEVEL ; PLACEMENT_AND_ROUTING          ; --               ; controller  ; Top            ;
; PARTITION_NETLIST_TYPE              ; SOURCE                         ; --               ; controller  ; Top            ;
; TOP_LEVEL_ENTITY                    ; controller                     ; pipeline_project ; --          ; --             ;
+-------------------------------------+--------------------------------+------------------+-------------+----------------+


+-------------------------------------------------------------------------------------------------------------------------------+
; Flow Elapsed Time                                                                                                             ;
+---------------------------+--------------+-------------------------+---------------------+------------------------------------+
; Module Name               ; Elapsed Time ; Average Processors Used ; Peak Virtual Memory ; Total CPU Time (on all processors) ;
+---------------------------+--------------+-------------------------+---------------------+------------------------------------+
; Analysis & Synthesis      ; 00:00:06     ; 1.0                     ; 304 MB              ; 00:00:04                           ;
; Fitter                    ; 00:00:12     ; 1.0                     ; 415 MB              ; 00:00:10                           ;
; Assembler                 ; 00:00:04     ; 1.0                     ; 303 MB              ; 00:00:04                           ;
; TimeQuest Timing Analyzer ; 00:00:07     ; 1.0                     ; 326 MB              ; 00:00:05                           ;
; EDA Netlist Writer        ; 00:00:01     ; 1.0                     ; 265 MB              ; 00:00:02                           ;
; Total                     ; 00:00:30     ; --                      ; --                  ; 00:00:25                           ;
+---------------------------+--------------+-------------------------+---------------------+------------------------------------+


+----------------------------------------------------------------------------------------+
; Flow OS Summary                                                                        ;
+---------------------------+------------------+-----------+------------+----------------+
; Module Name               ; Machine Hostname ; OS Name   ; OS Version ; Processor type ;
+---------------------------+------------------+-----------+------------+----------------+
; Analysis & Synthesis      ; Kalpesh          ; Windows 7 ; 6.2        ; x86_64         ;
; Fitter                    ; Kalpesh          ; Windows 7 ; 6.2        ; x86_64         ;
; Assembler                 ; Kalpesh          ; Windows 7 ; 6.2        ; x86_64         ;
; TimeQuest Timing Analyzer ; Kalpesh          ; Windows 7 ; 6.2        ; x86_64         ;
; EDA Netlist Writer        ; Kalpesh          ; Windows 7 ; 6.2        ; x86_64         ;
+---------------------------+------------------+-----------+------------+----------------+


------------
; Flow Log ;
------------
quartus_map --read_settings_files=on --write_settings_files=off pipeline_project -c pipeline_project
quartus_fit --read_settings_files=off --write_settings_files=off pipeline_project -c pipeline_project
quartus_asm --read_settings_files=off --write_settings_files=off pipeline_project -c pipeline_project
quartus_sta pipeline_project -c pipeline_project
quartus_eda --read_settings_files=off --write_settings_files=off pipeline_project -c pipeline_project



