EDA Netlist Writer report for pipeline_project
Mon Nov 30 12:53:15 2015
Quartus II 32-bit Version 11.1 Build 173 11/01/2011 SJ Web Edition


---------------------
; Table of Contents ;
---------------------
  1. Legal Notice
  2. EDA Netlist Writer Summary
  3. Simulation Settings
  4. Simulation Generated Files
  5. EDA Netlist Writer Messages



----------------
; Legal Notice ;
----------------
Copyright (C) 1991-2011 Altera Corporation
Your use of Altera Corporation's design tools, logic functions 
and other software and tools, and its AMPP partner logic 
functions, and any output files from any of the foregoing 
(including device programming or simulation files), and any 
associated documentation or information are expressly subject 
to the terms and conditions of the Altera Program License 
Subscription Agreement, Altera MegaCore Function License 
Agreement, or other applicable license agreement, including, 
without limitation, that your use is for the sole purpose of 
programming logic devices manufactured by Altera and sold by 
Altera or its authorized distributors.  Please refer to the 
applicable agreement for further details.



+-------------------------------------------------------------------+
; EDA Netlist Writer Summary                                        ;
+---------------------------+---------------------------------------+
; EDA Netlist Writer Status ; Successful - Mon Nov 30 12:53:15 2015 ;
; Revision Name             ; pipeline_project                      ;
; Top-level Entity Name     ; controller                            ;
; Family                    ; Cyclone IV E                          ;
; Simulation Files Creation ; Successful                            ;
+---------------------------+---------------------------------------+


+-------------------------------------------------------------------------------------------------------------------------------+
; Simulation Settings                                                                                                           ;
+---------------------------------------------------------------------------------------------------+---------------------------+
; Option                                                                                            ; Setting                   ;
+---------------------------------------------------------------------------------------------------+---------------------------+
; Tool Name                                                                                         ; ModelSim-Altera (Verilog) ;
; Generate netlist for functional simulation only                                                   ; Off                       ;
; Time scale                                                                                        ; 1 ps                      ;
; Truncate long hierarchy paths                                                                     ; Off                       ;
; Map illegal HDL characters                                                                        ; Off                       ;
; Flatten buses into individual nodes                                                               ; Off                       ;
; Maintain hierarchy                                                                                ; Off                       ;
; Bring out device-wide set/reset signals as ports                                                  ; Off                       ;
; Enable glitch filtering                                                                           ; Off                       ;
; Do not write top level VHDL entity                                                                ; Off                       ;
; Disable detection of setup and hold time violations in the input registers of bi-directional pins ; Off                       ;
; Architecture name in VHDL output netlist                                                          ; structure                 ;
; Generate third-party EDA tool command script for RTL functional simulation                        ; Off                       ;
; Generate third-party EDA tool command script for gate-level simulation                            ; Off                       ;
+---------------------------------------------------------------------------------------------------+---------------------------+


+--------------------------------------------------------------------------------------------------------------------------------------------+
; Simulation Generated Files                                                                                                                 ;
+--------------------------------------------------------------------------------------------------------------------------------------------+
; Generated Files                                                                                                                            ;
+--------------------------------------------------------------------------------------------------------------------------------------------+
; D:/lectures/sem5/ee309/130020118_130020090_130040019_13D070018_pipeline/code/simulation/modelsim/pipeline_project_6_1200mv_85c_slow.vo     ;
; D:/lectures/sem5/ee309/130020118_130020090_130040019_13D070018_pipeline/code/simulation/modelsim/pipeline_project_6_1200mv_0c_slow.vo      ;
; D:/lectures/sem5/ee309/130020118_130020090_130040019_13D070018_pipeline/code/simulation/modelsim/pipeline_project_min_1200mv_0c_fast.vo    ;
; D:/lectures/sem5/ee309/130020118_130020090_130040019_13D070018_pipeline/code/simulation/modelsim/pipeline_project.vo                       ;
; D:/lectures/sem5/ee309/130020118_130020090_130040019_13D070018_pipeline/code/simulation/modelsim/pipeline_project_6_1200mv_85c_v_slow.sdo  ;
; D:/lectures/sem5/ee309/130020118_130020090_130040019_13D070018_pipeline/code/simulation/modelsim/pipeline_project_6_1200mv_0c_v_slow.sdo   ;
; D:/lectures/sem5/ee309/130020118_130020090_130040019_13D070018_pipeline/code/simulation/modelsim/pipeline_project_min_1200mv_0c_v_fast.sdo ;
; D:/lectures/sem5/ee309/130020118_130020090_130040019_13D070018_pipeline/code/simulation/modelsim/pipeline_project_v.sdo                    ;
+--------------------------------------------------------------------------------------------------------------------------------------------+


+-----------------------------+
; EDA Netlist Writer Messages ;
+-----------------------------+
Info: *******************************************************************
Info: Running Quartus II 32-bit EDA Netlist Writer
    Info: Version 11.1 Build 173 11/01/2011 SJ Web Edition
    Info: Processing started: Mon Nov 30 12:53:14 2015
Info: Command: quartus_eda --read_settings_files=off --write_settings_files=off pipeline_project -c pipeline_project
Info (204019): Generated file pipeline_project_6_1200mv_85c_slow.vo in folder "D:/lectures/sem5/ee309/130020118_130020090_130040019_13D070018_pipeline/code/simulation/modelsim/" for EDA simulation tool
Info (204019): Generated file pipeline_project_6_1200mv_0c_slow.vo in folder "D:/lectures/sem5/ee309/130020118_130020090_130040019_13D070018_pipeline/code/simulation/modelsim/" for EDA simulation tool
Info (204019): Generated file pipeline_project_min_1200mv_0c_fast.vo in folder "D:/lectures/sem5/ee309/130020118_130020090_130040019_13D070018_pipeline/code/simulation/modelsim/" for EDA simulation tool
Info (204019): Generated file pipeline_project.vo in folder "D:/lectures/sem5/ee309/130020118_130020090_130040019_13D070018_pipeline/code/simulation/modelsim/" for EDA simulation tool
Info (204019): Generated file pipeline_project_6_1200mv_85c_v_slow.sdo in folder "D:/lectures/sem5/ee309/130020118_130020090_130040019_13D070018_pipeline/code/simulation/modelsim/" for EDA simulation tool
Info (204019): Generated file pipeline_project_6_1200mv_0c_v_slow.sdo in folder "D:/lectures/sem5/ee309/130020118_130020090_130040019_13D070018_pipeline/code/simulation/modelsim/" for EDA simulation tool
Info (204019): Generated file pipeline_project_min_1200mv_0c_v_fast.sdo in folder "D:/lectures/sem5/ee309/130020118_130020090_130040019_13D070018_pipeline/code/simulation/modelsim/" for EDA simulation tool
Info (204019): Generated file pipeline_project_v.sdo in folder "D:/lectures/sem5/ee309/130020118_130020090_130040019_13D070018_pipeline/code/simulation/modelsim/" for EDA simulation tool
Info: Quartus II 32-bit EDA Netlist Writer was successful. 0 errors, 0 warnings
    Info: Peak virtual memory: 279 megabytes
    Info: Processing ended: Mon Nov 30 12:53:15 2015
    Info: Elapsed time: 00:00:01
    Info: Total CPU time (on all processors): 00:00:02


